<?xml version="1.0" encoding="UTF-8"?>
<!-- Generated by org.testng.reporters.JUnitReportReporter -->
<testsuite skipped="0" hostname="DESKTOP-33L4UO2" name="com.leafBot.testcases.TC001_CreateLead" tests="2" failures="0" timestamp="08 Sep 2019 10:03:51 GMT" time="115.977" errors="0">
  <testcase name="runTC001" time="50.750" classname="com.leafBot.testcases.TC001_CreateLead"/>
  <testcase name="runTC001" time="65.227" classname="com.leafBot.testcases.TC001_CreateLead"/>
</testsuite> <!-- com.leafBot.testcases.TC001_CreateLead -->
